transaction_subject => X
payment_date => 11:47:03 Oct 24, 2016 PDT
txn_type => web_accept
last_name => Doe
residence_country => UK
item_name => Invoice XXX
payment_gross => 
mc_currency => EUR
business => companysecondary@qarizm.com
payment_type => instant
protection_eligibility => Ineligible
verify_sign => X
payer_status => verified
tax => 0.00
payer_email => thisisthecustomer@qarizm.com
txn_id => X
quantity => 1
receiver_email => companyprimary@qarizm.com
first_name => John
payer_id => X
receiver_id => X
item_number => 
payment_status => Completed
payment_fee => 
mc_fee => 0.00
mc_gross => 0.00
custom => 0
charset => windows-1252
notify_version => 3.8
ipn_track_id => 0